<?xml version="1.0" encoding="UTF-8" standalone="yes"?><!DOCTYPE report PUBLIC "-//JACOCO//DTD Report 1.0//EN" "report.dtd"><report name="04-LocaleUtils"><sessioninfo id="HuangLis-MacBook-Pro.local-aeeb6d8d" start="1562519122415" dump="1562519123491"/><package name="com/lilihuang"><class name="com/lilihuang/LocaleUtils"><method name="&lt;init&gt;" desc="()V" line="5"><counter type="INSTRUCTION" missed="0" covered="3"/><counter type="LINE" missed="0" covered="1"/><counter type="COMPLEXITY" missed="0" covered="1"/><counter type="METHOD" missed="0" covered="1"/></method><method name="toLocale" desc="(Ljava/lang/String;)Ljava/util/Locale;" line="10"><counter type="INSTRUCTION" missed="0" covered="155"/><counter type="BRANCH" missed="0" covered="22"/><counter type="LINE" missed="0" covered="25"/><counter type="COMPLEXITY" missed="0" covered="12"/><counter type="METHOD" missed="0" covered="1"/></method><method name="parseLocale" desc="(Ljava/lang/String;)Ljava/util/Locale;" line="49"><counter type="INSTRUCTION" missed="0" covered="94"/><counter type="BRANCH" missed="0" covered="22"/><counter type="LINE" missed="0" covered="17"/><counter type="COMPLEXITY" missed="0" covered="12"/><counter type="METHOD" missed="0" covered="1"/></method><method name="isISO639LanguageCode" desc="(Ljava/lang/String;)Z" line="74"><counter type="INSTRUCTION" missed="0" covered="16"/><counter type="BRANCH" missed="0" covered="6"/><counter type="LINE" missed="0" covered="1"/><counter type="COMPLEXITY" missed="0" covered="4"/><counter type="METHOD" missed="0" covered="1"/></method><method name="isISO3166CountryCode" desc="(Ljava/lang/String;)Z" line="78"><counter type="INSTRUCTION" missed="0" covered="12"/><counter type="BRANCH" missed="0" covered="4"/><counter type="LINE" missed="0" covered="1"/><counter type="COMPLEXITY" missed="0" covered="3"/><counter type="METHOD" missed="0" covered="1"/></method><method name="isNumericAreaCode" desc="(Ljava/lang/String;)Z" line="82"><counter type="INSTRUCTION" missed="0" covered="12"/><counter type="BRANCH" missed="0" covered="4"/><counter type="LINE" missed="0" covered="1"/><counter type="COMPLEXITY" missed="0" covered="3"/><counter type="METHOD" missed="0" covered="1"/></method><method name="isAllLowerCase" desc="(Ljava/lang/CharSequence;)Z" line="86"><counter type="INSTRUCTION" missed="2" covered="25"/><counter type="BRANCH" missed="2" covered="6"/><counter type="LINE" missed="1" covered="6"/><counter type="COMPLEXITY" missed="2" covered="3"/><counter type="METHOD" missed="0" covered="1"/></method><method name="isAllUpperCase" desc="(Ljava/lang/CharSequence;)Z" line="99"><counter type="INSTRUCTION" missed="2" covered="25"/><counter type="BRANCH" missed="2" covered="6"/><counter type="LINE" missed="1" covered="6"/><counter type="COMPLEXITY" missed="2" covered="3"/><counter type="METHOD" missed="0" covered="1"/></method><method name="isEmpty" desc="(Ljava/lang/CharSequence;)Z" line="112"><counter type="INSTRUCTION" missed="2" covered="7"/><counter type="BRANCH" missed="2" covered="2"/><counter type="LINE" missed="0" covered="1"/><counter type="COMPLEXITY" missed="2" covered="1"/><counter type="METHOD" missed="0" covered="1"/></method><method name="isNumeric" desc="(Ljava/lang/CharSequence;)Z" line="116"><counter type="INSTRUCTION" missed="2" covered="23"/><counter type="BRANCH" missed="1" covered="5"/><counter type="LINE" missed="1" covered="6"/><counter type="COMPLEXITY" missed="1" covered="3"/><counter type="METHOD" missed="0" covered="1"/></method><counter type="INSTRUCTION" missed="8" covered="372"/><counter type="BRANCH" missed="7" covered="77"/><counter type="LINE" missed="3" covered="65"/><counter type="COMPLEXITY" missed="7" covered="45"/><counter type="METHOD" missed="0" covered="10"/><counter type="CLASS" missed="0" covered="1"/></class><sourcefile name="LocaleUtils.java"><line nr="5" mi="0" ci="3" mb="0" cb="0"/><line nr="10" mi="0" ci="2" mb="0" cb="2"/><line nr="11" mi="0" ci="2" mb="0" cb="0"/><line nr="13" mi="0" ci="3" mb="0" cb="2"/><line nr="14" mi="0" ci="6" mb="0" cb="0"/><line nr="16" mi="0" ci="4" mb="0" cb="2"/><line nr="17" mi="0" ci="12" mb="0" cb="0"/><line nr="19" mi="0" ci="3" mb="0" cb="0"/><line nr="20" mi="0" ci="3" mb="0" cb="2"/><line nr="21" mi="0" ci="12" mb="0" cb="0"/><line nr="23" mi="0" ci="4" mb="0" cb="0"/><line nr="24" mi="0" ci="3" mb="0" cb="2"/><line nr="25" mi="0" ci="3" mb="0" cb="2"/><line nr="26" mi="0" ci="12" mb="0" cb="0"/><line nr="28" mi="0" ci="4" mb="0" cb="0"/><line nr="29" mi="0" ci="4" mb="0" cb="0"/><line nr="30" mi="0" ci="6" mb="0" cb="4"/><line nr="31" mi="0" ci="12" mb="0" cb="0"/><line nr="33" mi="0" ci="3" mb="0" cb="2"/><line nr="34" mi="0" ci="9" mb="0" cb="0"/><line nr="36" mi="0" ci="3" mb="0" cb="2"/><line nr="37" mi="0" ci="12" mb="0" cb="0"/><line nr="39" mi="0" ci="5" mb="0" cb="2"/><line nr="40" mi="0" ci="12" mb="0" cb="0"/><line nr="42" mi="0" ci="12" mb="0" cb="0"/><line nr="45" mi="0" ci="4" mb="0" cb="0"/><line nr="49" mi="0" ci="4" mb="0" cb="2"/><line nr="50" mi="0" ci="5" mb="0" cb="0"/><line nr="53" mi="0" ci="5" mb="0" cb="0"/><line nr="54" mi="0" ci="4" mb="0" cb="0"/><line nr="55" mi="0" ci="4" mb="0" cb="2"/><line nr="56" mi="0" ci="4" mb="0" cb="0"/><line nr="57" mi="0" ci="10" mb="0" cb="4"/><line nr="58" mi="0" ci="2" mb="0" cb="2"/><line nr="59" mi="0" ci="6" mb="0" cb="0"/><line nr="61" mi="0" ci="5" mb="0" cb="2"/><line nr="62" mi="0" ci="4" mb="0" cb="0"/><line nr="63" mi="0" ci="4" mb="0" cb="0"/><line nr="64" mi="0" ci="5" mb="0" cb="2"/><line nr="65" mi="0" ci="11" mb="0" cb="6"/><line nr="66" mi="0" ci="2" mb="0" cb="2"/><line nr="67" mi="0" ci="7" mb="0" cb="0"/><line nr="70" mi="0" ci="12" mb="0" cb="0"/><line nr="74" mi="0" ci="16" mb="0" cb="6"/><line nr="78" mi="0" ci="12" mb="0" cb="4"/><line nr="82" mi="0" ci="12" mb="0" cb="4"/><line nr="86" mi="0" ci="6" mb="2" cb="2"/><line nr="87" mi="2" ci="0" mb="0" cb="0"/><line nr="89" mi="0" ci="3" mb="0" cb="0"/><line nr="90" mi="0" ci="7" mb="0" cb="2"/><line nr="91" mi="0" ci="5" mb="0" cb="2"/><line nr="92" mi="0" ci="2" mb="0" cb="0"/><line nr="95" mi="0" ci="2" mb="0" cb="0"/><line nr="99" mi="0" ci="6" mb="2" cb="2"/><line nr="100" mi="2" ci="0" mb="0" cb="0"/><line nr="102" mi="0" ci="3" mb="0" cb="0"/><line nr="103" mi="0" ci="7" mb="0" cb="2"/><line nr="104" mi="0" ci="5" mb="0" cb="2"/><line nr="105" mi="0" ci="2" mb="0" cb="0"/><line nr="108" mi="0" ci="2" mb="0" cb="0"/><line nr="112" mi="2" ci="7" mb="2" cb="2"/><line nr="116" mi="0" ci="4" mb="1" cb="1"/><line nr="117" mi="2" ci="0" mb="0" cb="0"/><line nr="119" mi="0" ci="3" mb="0" cb="0"/><line nr="120" mi="0" ci="7" mb="0" cb="2"/><line nr="121" mi="0" ci="5" mb="0" cb="2"/><line nr="122" mi="0" ci="2" mb="0" cb="0"/><line nr="125" mi="0" ci="2" mb="0" cb="0"/><counter type="INSTRUCTION" missed="8" covered="372"/><counter type="BRANCH" missed="7" covered="77"/><counter type="LINE" missed="3" covered="65"/><counter type="COMPLEXITY" missed="7" covered="45"/><counter type="METHOD" missed="0" covered="10"/><counter type="CLASS" missed="0" covered="1"/></sourcefile><counter type="INSTRUCTION" missed="8" covered="372"/><counter type="BRANCH" missed="7" covered="77"/><counter type="LINE" missed="3" covered="65"/><counter type="COMPLEXITY" missed="7" covered="45"/><counter type="METHOD" missed="0" covered="10"/><counter type="CLASS" missed="0" covered="1"/></package><counter type="INSTRUCTION" missed="8" covered="372"/><counter type="BRANCH" missed="7" covered="77"/><counter type="LINE" missed="3" covered="65"/><counter type="COMPLEXITY" missed="7" covered="45"/><counter type="METHOD" missed="0" covered="10"/><counter type="CLASS" missed="0" covered="1"/></report>